2016-03-10 10:40:23 Error: [MissingControllerException] Controller class ProductController could not be found.
Exception Attributes: array (
  'class' => 'ProductController',
  'plugin' => NULL,
)
Request URL: /sms-cake-beta/product
Stack Trace:
#0 C:\xampp\htdocs\sms-cake-beta\app\webroot\index.php(117): Dispatcher->dispatch(Object(CakeRequest), Object(CakeResponse))
#1 {main}
2016-03-10 10:49:21 Error: [NotFoundException] Invalid user
Request URL: /sms-cake-beta/users/delete/2016-03-10%2017%3A48%3A33
Stack Trace:
#0 [internal function]: UsersController->delete()
#1 C:\xampp\htdocs\sms-cake-beta\lib\Cake\Controller\Controller.php(490): ReflectionMethod->invokeArgs(Object(UsersController), Array)
#2 C:\xampp\htdocs\sms-cake-beta\lib\Cake\Routing\Dispatcher.php(193): Controller->invokeAction(Object(CakeRequest))
#3 C:\xampp\htdocs\sms-cake-beta\lib\Cake\Routing\Dispatcher.php(167): Dispatcher->_invoke(Object(UsersController), Object(CakeRequest))
#4 C:\xampp\htdocs\sms-cake-beta\app\webroot\index.php(117): Dispatcher->dispatch(Object(CakeRequest), Object(CakeResponse))
#5 {main}
2016-03-10 10:50:59 Error: [PDOException] SQLSTATE[22003]: Numeric value out of range: 167 Out of range value for column 'id' at row 1
Request URL: /sms-cake-beta/users/add
Stack Trace:
#0 C:\xampp\htdocs\sms-cake-beta\lib\Cake\Model\Datasource\DboSource.php(461): PDOStatement->execute(Array)
#1 C:\xampp\htdocs\sms-cake-beta\lib\Cake\Model\Datasource\DboSource.php(427): DboSource->_execute('INSERT INTO `sm...', Array)
#2 C:\xampp\htdocs\sms-cake-beta\lib\Cake\Model\Datasource\DboSource.php(1014): DboSource->execute('INSERT INTO `sm...')
#3 C:\xampp\htdocs\sms-cake-beta\lib\Cake\Model\Model.php(1928): DboSource->create(Object(User), Array, Array)
#4 C:\xampp\htdocs\sms-cake-beta\lib\Cake\Model\Model.php(1751): Model->_doSave(Array, Array)
#5 C:\xampp\htdocs\sms-cake-beta\app\Controller\UsersController.php(51): Model->save(Array)
#6 [internal function]: UsersController->add()
#7 C:\xampp\htdocs\sms-cake-beta\lib\Cake\Controller\Controller.php(490): ReflectionMethod->invokeArgs(Object(UsersController), Array)
#8 C:\xampp\htdocs\sms-cake-beta\lib\Cake\Routing\Dispatcher.php(193): Controller->invokeAction(Object(CakeRequest))
#9 C:\xampp\htdocs\sms-cake-beta\lib\Cake\Routing\Dispatcher.php(167): Dispatcher->_invoke(Object(UsersController), Object(CakeRequest))
#10 C:\xampp\htdocs\sms-cake-beta\app\webroot\index.php(117): Dispatcher->dispatch(Object(CakeRequest), Object(CakeResponse))
#11 {main}
2016-03-10 10:57:10 Error: Fatal Error (1): Uncaught TypeError: Argument 1 passed to ErrorHandler::handleException() must be an instance of Exception, instance of Error given in C:\xampp\htdocs\sms-cake-beta\lib\Cake\Error\ErrorHandler.php:116
Stack trace:
#0 [internal function]: ErrorHandler::handleException(Object(Error))
#1 {main}
  thrown in [C:\xampp\htdocs\sms-cake-beta\lib\Cake\Error\ErrorHandler.php, line 116]
2016-03-10 10:57:10 Error: [FatalErrorException] Uncaught TypeError: Argument 1 passed to ErrorHandler::handleException() must be an instance of Exception, instance of Error given in C:\xampp\htdocs\sms-cake-beta\lib\Cake\Error\ErrorHandler.php:116
Stack trace:
#0 [internal function]: ErrorHandler::handleException(Object(Error))
#1 {main}
  thrown
Request URL: /sms-cake-beta/users/add
Stack Trace:
#0 C:\xampp\htdocs\sms-cake-beta\lib\Cake\Error\ErrorHandler.php(213): ErrorHandler::handleFatalError(1, 'Uncaught TypeEr...', 'C:\\xampp\\htdocs...', 116)
#1 C:\xampp\htdocs\sms-cake-beta\lib\Cake\Core\App.php(933): ErrorHandler::handleError(1, 'Uncaught TypeEr...', 'C:\\xampp\\htdocs...', 116, Array)
#2 C:\xampp\htdocs\sms-cake-beta\lib\Cake\Core\App.php(906): App::_checkFatalError()
#3 [internal function]: App::shutdown()
#4 {main}
2016-03-10 10:57:30 Error: Fatal Error (1): Uncaught TypeError: Argument 1 passed to ErrorHandler::handleException() must be an instance of Exception, instance of Error given in C:\xampp\htdocs\sms-cake-beta\lib\Cake\Error\ErrorHandler.php:116
Stack trace:
#0 [internal function]: ErrorHandler::handleException(Object(Error))
#1 {main}
  thrown in [C:\xampp\htdocs\sms-cake-beta\lib\Cake\Error\ErrorHandler.php, line 116]
2016-03-10 10:57:30 Error: [FatalErrorException] Uncaught TypeError: Argument 1 passed to ErrorHandler::handleException() must be an instance of Exception, instance of Error given in C:\xampp\htdocs\sms-cake-beta\lib\Cake\Error\ErrorHandler.php:116
Stack trace:
#0 [internal function]: ErrorHandler::handleException(Object(Error))
#1 {main}
  thrown
Request URL: /sms-cake-beta/users/add
Stack Trace:
#0 C:\xampp\htdocs\sms-cake-beta\lib\Cake\Error\ErrorHandler.php(213): ErrorHandler::handleFatalError(1, 'Uncaught TypeEr...', 'C:\\xampp\\htdocs...', 116)
#1 C:\xampp\htdocs\sms-cake-beta\lib\Cake\Core\App.php(933): ErrorHandler::handleError(1, 'Uncaught TypeEr...', 'C:\\xampp\\htdocs...', 116, Array)
#2 C:\xampp\htdocs\sms-cake-beta\lib\Cake\Core\App.php(906): App::_checkFatalError()
#3 [internal function]: App::shutdown()
#4 {main}
2016-03-10 10:57:48 Error: Fatal Error (1): Uncaught TypeError: Argument 1 passed to ErrorHandler::handleException() must be an instance of Exception, instance of Error given in C:\xampp\htdocs\sms-cake-beta\lib\Cake\Error\ErrorHandler.php:116
Stack trace:
#0 [internal function]: ErrorHandler::handleException(Object(Error))
#1 {main}
  thrown in [C:\xampp\htdocs\sms-cake-beta\lib\Cake\Error\ErrorHandler.php, line 116]
2016-03-10 10:57:48 Error: [FatalErrorException] Uncaught TypeError: Argument 1 passed to ErrorHandler::handleException() must be an instance of Exception, instance of Error given in C:\xampp\htdocs\sms-cake-beta\lib\Cake\Error\ErrorHandler.php:116
Stack trace:
#0 [internal function]: ErrorHandler::handleException(Object(Error))
#1 {main}
  thrown
Request URL: /sms-cake-beta/users/add
Stack Trace:
#0 C:\xampp\htdocs\sms-cake-beta\lib\Cake\Error\ErrorHandler.php(213): ErrorHandler::handleFatalError(1, 'Uncaught TypeEr...', 'C:\\xampp\\htdocs...', 116)
#1 C:\xampp\htdocs\sms-cake-beta\lib\Cake\Core\App.php(933): ErrorHandler::handleError(1, 'Uncaught TypeEr...', 'C:\\xampp\\htdocs...', 116, Array)
#2 C:\xampp\htdocs\sms-cake-beta\lib\Cake\Core\App.php(906): App::_checkFatalError()
#3 [internal function]: App::shutdown()
#4 {main}
2016-03-10 10:58:36 Error: [PDOException] SQLSTATE[22003]: Numeric value out of range: 167 Out of range value for column 'id' at row 1
Request URL: /sms-cake-beta/users/add
Stack Trace:
#0 C:\xampp\htdocs\sms-cake-beta\lib\Cake\Model\Datasource\DboSource.php(461): PDOStatement->execute(Array)
#1 C:\xampp\htdocs\sms-cake-beta\lib\Cake\Model\Datasource\DboSource.php(427): DboSource->_execute('INSERT INTO `sm...', Array)
#2 C:\xampp\htdocs\sms-cake-beta\lib\Cake\Model\Datasource\DboSource.php(1014): DboSource->execute('INSERT INTO `sm...')
#3 C:\xampp\htdocs\sms-cake-beta\lib\Cake\Model\Model.php(1928): DboSource->create(Object(User), Array, Array)
#4 C:\xampp\htdocs\sms-cake-beta\lib\Cake\Model\Model.php(1751): Model->_doSave(Array, Array)
#5 C:\xampp\htdocs\sms-cake-beta\app\Controller\UsersController.php(51): Model->save(Array)
#6 [internal function]: UsersController->add()
#7 C:\xampp\htdocs\sms-cake-beta\lib\Cake\Controller\Controller.php(490): ReflectionMethod->invokeArgs(Object(UsersController), Array)
#8 C:\xampp\htdocs\sms-cake-beta\lib\Cake\Routing\Dispatcher.php(193): Controller->invokeAction(Object(CakeRequest))
#9 C:\xampp\htdocs\sms-cake-beta\lib\Cake\Routing\Dispatcher.php(167): Dispatcher->_invoke(Object(UsersController), Object(CakeRequest))
#10 C:\xampp\htdocs\sms-cake-beta\app\webroot\index.php(117): Dispatcher->dispatch(Object(CakeRequest), Object(CakeResponse))
#11 {main}
2016-03-15 08:00:12 Error: [MissingControllerException] Controller class CssController could not be found.
Exception Attributes: array (
  'class' => 'CssController',
  'plugin' => NULL,
)
Request URL: /sms-cake-beta/css/bootstrap.min.css
Stack Trace:
#0 C:\xampp\htdocs\sms-cake-beta\app\webroot\index.php(117): Dispatcher->dispatch(Object(CakeRequest), Object(CakeResponse))
#1 {main}
2016-03-15 08:00:12 Error: [MissingControllerException] Controller class JsController could not be found.
Exception Attributes: array (
  'class' => 'JsController',
  'plugin' => NULL,
)
Request URL: /sms-cake-beta/js/jquery.min.js
Stack Trace:
#0 C:\xampp\htdocs\sms-cake-beta\app\webroot\index.php(117): Dispatcher->dispatch(Object(CakeRequest), Object(CakeResponse))
#1 {main}
2016-03-15 08:00:12 Error: [MissingControllerException] Controller class CssController could not be found.
Exception Attributes: array (
  'class' => 'CssController',
  'plugin' => NULL,
)
Request URL: /sms-cake-beta/css/icheck/flat/green.css
Stack Trace:
#0 C:\xampp\htdocs\sms-cake-beta\app\webroot\index.php(117): Dispatcher->dispatch(Object(CakeRequest), Object(CakeResponse))
#1 {main}
2016-03-15 08:00:12 Error: [MissingControllerException] Controller class CssController could not be found.
Exception Attributes: array (
  'class' => 'CssController',
  'plugin' => NULL,
)
Request URL: /sms-cake-beta/css/custom.css
Stack Trace:
#0 C:\xampp\htdocs\sms-cake-beta\app\webroot\index.php(117): Dispatcher->dispatch(Object(CakeRequest), Object(CakeResponse))
#1 {main}
2016-03-15 08:00:12 Error: [MissingControllerException] Controller class CssController could not be found.
Exception Attributes: array (
  'class' => 'CssController',
  'plugin' => NULL,
)
Request URL: /sms-cake-beta/css/animate.min.css
Stack Trace:
#0 C:\xampp\htdocs\sms-cake-beta\app\webroot\index.php(117): Dispatcher->dispatch(Object(CakeRequest), Object(CakeResponse))
#1 {main}
2016-03-15 08:00:12 Error: [MissingControllerException] Controller class FontsController could not be found.
Exception Attributes: array (
  'class' => 'FontsController',
  'plugin' => NULL,
)
Request URL: /sms-cake-beta/fonts/css/font-awesome.min.css
Stack Trace:
#0 C:\xampp\htdocs\sms-cake-beta\app\webroot\index.php(117): Dispatcher->dispatch(Object(CakeRequest), Object(CakeResponse))
#1 {main}
2016-03-15 08:00:12 Error: [MissingControllerException] Controller class JsController could not be found.
Exception Attributes: array (
  'class' => 'JsController',
  'plugin' => NULL,
)
Request URL: /sms-cake-beta/js/progressbar/bootstrap-progressbar.min.js
Stack Trace:
#0 C:\xampp\htdocs\sms-cake-beta\app\webroot\index.php(117): Dispatcher->dispatch(Object(CakeRequest), Object(CakeResponse))
#1 {main}
2016-03-15 08:00:12 Error: [MissingControllerException] Controller class JsController could not be found.
Exception Attributes: array (
  'class' => 'JsController',
  'plugin' => NULL,
)
Request URL: /sms-cake-beta/js/nicescroll/jquery.nicescroll.min.js
Stack Trace:
#0 C:\xampp\htdocs\sms-cake-beta\app\webroot\index.php(117): Dispatcher->dispatch(Object(CakeRequest), Object(CakeResponse))
#1 {main}
2016-03-15 08:00:12 Error: [MissingControllerException] Controller class JsController could not be found.
Exception Attributes: array (
  'class' => 'JsController',
  'plugin' => NULL,
)
Request URL: /sms-cake-beta/js/custom.js
Stack Trace:
#0 C:\xampp\htdocs\sms-cake-beta\app\webroot\index.php(117): Dispatcher->dispatch(Object(CakeRequest), Object(CakeResponse))
#1 {main}
2016-03-15 08:00:12 Error: [MissingControllerException] Controller class JsController could not be found.
Exception Attributes: array (
  'class' => 'JsController',
  'plugin' => NULL,
)
Request URL: /sms-cake-beta/js/chartjs/chart.min.js
Stack Trace:
#0 C:\xampp\htdocs\sms-cake-beta\app\webroot\index.php(117): Dispatcher->dispatch(Object(CakeRequest), Object(CakeResponse))
#1 {main}
2016-03-15 08:00:12 Error: [MissingControllerException] Controller class JsController could not be found.
Exception Attributes: array (
  'class' => 'JsController',
  'plugin' => NULL,
)
Request URL: /sms-cake-beta/js/icheck/icheck.min.js
Stack Trace:
#0 C:\xampp\htdocs\sms-cake-beta\app\webroot\index.php(117): Dispatcher->dispatch(Object(CakeRequest), Object(CakeResponse))
#1 {main}
2016-03-15 08:00:12 Error: [MissingControllerException] Controller class JsController could not be found.
Exception Attributes: array (
  'class' => 'JsController',
  'plugin' => NULL,
)
Request URL: /sms-cake-beta/js/bootstrap.min.js
Stack Trace:
#0 C:\xampp\htdocs\sms-cake-beta\app\webroot\index.php(117): Dispatcher->dispatch(Object(CakeRequest), Object(CakeResponse))
#1 {main}
2016-03-15 08:00:12 Error: [MissingControllerException] Controller class JsController could not be found.
Exception Attributes: array (
  'class' => 'JsController',
  'plugin' => NULL,
)
Request URL: /sms-cake-beta/js/moris/example.js
Stack Trace:
#0 C:\xampp\htdocs\sms-cake-beta\app\webroot\index.php(117): Dispatcher->dispatch(Object(CakeRequest), Object(CakeResponse))
#1 {main}
2016-03-15 08:00:12 Error: [MissingControllerException] Controller class ImagesController could not be found.
Exception Attributes: array (
  'class' => 'ImagesController',
  'plugin' => NULL,
)
Request URL: /sms-cake-beta/images/img.jpg
Stack Trace:
#0 C:\xampp\htdocs\sms-cake-beta\app\webroot\index.php(117): Dispatcher->dispatch(Object(CakeRequest), Object(CakeResponse))
#1 {main}
2016-03-15 08:00:12 Error: [MissingControllerException] Controller class JsController could not be found.
Exception Attributes: array (
  'class' => 'JsController',
  'plugin' => NULL,
)
Request URL: /sms-cake-beta/js/moris/morris.js
Stack Trace:
#0 C:\xampp\htdocs\sms-cake-beta\app\webroot\index.php(117): Dispatcher->dispatch(Object(CakeRequest), Object(CakeResponse))
#1 {main}
2016-03-15 08:00:12 Error: [MissingControllerException] Controller class JsController could not be found.
Exception Attributes: array (
  'class' => 'JsController',
  'plugin' => NULL,
)
Request URL: /sms-cake-beta/js/moris/raphael-min.js
Stack Trace:
#0 C:\xampp\htdocs\sms-cake-beta\app\webroot\index.php(117): Dispatcher->dispatch(Object(CakeRequest), Object(CakeResponse))
#1 {main}
2016-03-15 08:00:41 Error: [MissingControllerException] Controller class CssController could not be found.
Exception Attributes: array (
  'class' => 'CssController',
  'plugin' => NULL,
)
Request URL: /sms-cake-beta/css/animate.min.css
Stack Trace:
#0 C:\xampp\htdocs\sms-cake-beta\app\webroot\index.php(117): Dispatcher->dispatch(Object(CakeRequest), Object(CakeResponse))
#1 {main}
2016-03-15 08:00:41 Error: [MissingControllerException] Controller class JsController could not be found.
Exception Attributes: array (
  'class' => 'JsController',
  'plugin' => NULL,
)
Request URL: /sms-cake-beta/js/jquery.min.js
Stack Trace:
#0 C:\xampp\htdocs\sms-cake-beta\app\webroot\index.php(117): Dispatcher->dispatch(Object(CakeRequest), Object(CakeResponse))
#1 {main}
2016-03-15 08:00:41 Error: [MissingControllerException] Controller class CssController could not be found.
Exception Attributes: array (
  'class' => 'CssController',
  'plugin' => NULL,
)
Request URL: /sms-cake-beta/css/bootstrap.min.css
Stack Trace:
#0 C:\xampp\htdocs\sms-cake-beta\app\webroot\index.php(117): Dispatcher->dispatch(Object(CakeRequest), Object(CakeResponse))
#1 {main}
2016-03-15 08:00:41 Error: [MissingControllerException] Controller class CssController could not be found.
Exception Attributes: array (
  'class' => 'CssController',
  'plugin' => NULL,
)
Request URL: /sms-cake-beta/css/custom.css
Stack Trace:
#0 C:\xampp\htdocs\sms-cake-beta\app\webroot\index.php(117): Dispatcher->dispatch(Object(CakeRequest), Object(CakeResponse))
#1 {main}
2016-03-15 08:00:41 Error: [MissingControllerException] Controller class CssController could not be found.
Exception Attributes: array (
  'class' => 'CssController',
  'plugin' => NULL,
)
Request URL: /sms-cake-beta/css/icheck/flat/green.css
Stack Trace:
#0 C:\xampp\htdocs\sms-cake-beta\app\webroot\index.php(117): Dispatcher->dispatch(Object(CakeRequest), Object(CakeResponse))
#1 {main}
2016-03-15 08:00:41 Error: [MissingControllerException] Controller class FontsController could not be found.
Exception Attributes: array (
  'class' => 'FontsController',
  'plugin' => NULL,
)
Request URL: /sms-cake-beta/fonts/css/font-awesome.min.css
Stack Trace:
#0 C:\xampp\htdocs\sms-cake-beta\app\webroot\index.php(117): Dispatcher->dispatch(Object(CakeRequest), Object(CakeResponse))
#1 {main}
2016-03-15 08:00:41 Error: [MissingControllerException] Controller class JsController could not be found.
Exception Attributes: array (
  'class' => 'JsController',
  'plugin' => NULL,
)
Request URL: /sms-cake-beta/js/icheck/icheck.min.js
Stack Trace:
#0 C:\xampp\htdocs\sms-cake-beta\app\webroot\index.php(117): Dispatcher->dispatch(Object(CakeRequest), Object(CakeResponse))
#1 {main}
2016-03-15 08:00:41 Error: [MissingControllerException] Controller class JsController could not be found.
Exception Attributes: array (
  'class' => 'JsController',
  'plugin' => NULL,
)
Request URL: /sms-cake-beta/js/chartjs/chart.min.js
Stack Trace:
#0 C:\xampp\htdocs\sms-cake-beta\app\webroot\index.php(117): Dispatcher->dispatch(Object(CakeRequest), Object(CakeResponse))
#1 {main}
2016-03-15 08:00:42 Error: [MissingControllerException] Controller class JsController could not be found.
Exception Attributes: array (
  'class' => 'JsController',
  'plugin' => NULL,
)
Request URL: /sms-cake-beta/js/nicescroll/jquery.nicescroll.min.js
Stack Trace:
#0 C:\xampp\htdocs\sms-cake-beta\app\webroot\index.php(117): Dispatcher->dispatch(Object(CakeRequest), Object(CakeResponse))
#1 {main}
2016-03-15 08:00:42 Error: [MissingControllerException] Controller class JsController could not be found.
Exception Attributes: array (
  'class' => 'JsController',
  'plugin' => NULL,
)
Request URL: /sms-cake-beta/js/bootstrap.min.js
Stack Trace:
#0 C:\xampp\htdocs\sms-cake-beta\app\webroot\index.php(117): Dispatcher->dispatch(Object(CakeRequest), Object(CakeResponse))
#1 {main}
2016-03-15 08:00:42 Error: [MissingControllerException] Controller class JsController could not be found.
Exception Attributes: array (
  'class' => 'JsController',
  'plugin' => NULL,
)
Request URL: /sms-cake-beta/js/progressbar/bootstrap-progressbar.min.js
Stack Trace:
#0 C:\xampp\htdocs\sms-cake-beta\app\webroot\index.php(117): Dispatcher->dispatch(Object(CakeRequest), Object(CakeResponse))
#1 {main}
2016-03-15 08:00:42 Error: [MissingControllerException] Controller class JsController could not be found.
Exception Attributes: array (
  'class' => 'JsController',
  'plugin' => NULL,
)
Request URL: /sms-cake-beta/js/custom.js
Stack Trace:
#0 C:\xampp\htdocs\sms-cake-beta\app\webroot\index.php(117): Dispatcher->dispatch(Object(CakeRequest), Object(CakeResponse))
#1 {main}
2016-03-15 08:00:42 Error: [MissingControllerException] Controller class JsController could not be found.
Exception Attributes: array (
  'class' => 'JsController',
  'plugin' => NULL,
)
Request URL: /sms-cake-beta/js/moris/morris.js
Stack Trace:
#0 C:\xampp\htdocs\sms-cake-beta\app\webroot\index.php(117): Dispatcher->dispatch(Object(CakeRequest), Object(CakeResponse))
#1 {main}
2016-03-15 08:00:42 Error: [MissingControllerException] Controller class JsController could not be found.
Exception Attributes: array (
  'class' => 'JsController',
  'plugin' => NULL,
)
Request URL: /sms-cake-beta/js/moris/raphael-min.js
Stack Trace:
#0 C:\xampp\htdocs\sms-cake-beta\app\webroot\index.php(117): Dispatcher->dispatch(Object(CakeRequest), Object(CakeResponse))
#1 {main}
2016-03-15 08:00:42 Error: [MissingControllerException] Controller class ImagesController could not be found.
Exception Attributes: array (
  'class' => 'ImagesController',
  'plugin' => NULL,
)
Request URL: /sms-cake-beta/images/img.jpg
Stack Trace:
#0 C:\xampp\htdocs\sms-cake-beta\app\webroot\index.php(117): Dispatcher->dispatch(Object(CakeRequest), Object(CakeResponse))
#1 {main}
2016-03-15 08:00:42 Error: [MissingControllerException] Controller class JsController could not be found.
Exception Attributes: array (
  'class' => 'JsController',
  'plugin' => NULL,
)
Request URL: /sms-cake-beta/js/moris/example.js
Stack Trace:
#0 C:\xampp\htdocs\sms-cake-beta\app\webroot\index.php(117): Dispatcher->dispatch(Object(CakeRequest), Object(CakeResponse))
#1 {main}
2016-03-15 08:14:53 Error: [MissingControllerException] Controller class ImagesController could not be found.
Exception Attributes: array (
  'class' => 'ImagesController',
  'plugin' => NULL,
)
Request URL: /sms-cake-beta/images/img.jpg
Stack Trace:
#0 C:\xampp\htdocs\sms-cake-beta\app\webroot\index.php(117): Dispatcher->dispatch(Object(CakeRequest), Object(CakeResponse))
#1 {main}
2016-03-15 08:17:45 Error: [MissingControllerException] Controller class ImagesController could not be found.
Exception Attributes: array (
  'class' => 'ImagesController',
  'plugin' => NULL,
)
Request URL: /sms-cake-beta/images/img.jpg
Stack Trace:
#0 C:\xampp\htdocs\sms-cake-beta\app\webroot\index.php(117): Dispatcher->dispatch(Object(CakeRequest), Object(CakeResponse))
#1 {main}
2016-03-15 08:25:13 Error: [MissingControllerException] Controller class ImagesController could not be found.
Exception Attributes: array (
  'class' => 'ImagesController',
  'plugin' => NULL,
)
Request URL: /sms-cake-beta/images/img.jpg
Stack Trace:
#0 C:\xampp\htdocs\sms-cake-beta\app\webroot\index.php(117): Dispatcher->dispatch(Object(CakeRequest), Object(CakeResponse))
#1 {main}
2016-03-15 08:25:17 Error: [MissingControllerException] Controller class ImagesController could not be found.
Exception Attributes: array (
  'class' => 'ImagesController',
  'plugin' => NULL,
)
Request URL: /sms-cake-beta/images/img.jpg
Stack Trace:
#0 C:\xampp\htdocs\sms-cake-beta\app\webroot\index.php(117): Dispatcher->dispatch(Object(CakeRequest), Object(CakeResponse))
#1 {main}
